[1012/155240.801:ERROR:directory_reader_win.cc(43)] FindFirstFile: The system cannot find the path specified. (0x3)
[1013/171606.851:ERROR:directory_reader_win.cc(43)] FindFirstFile: The system cannot find the path specified. (0x3)
[1013/212841.985:ERROR:file_io.cc(135)] WriteFile: The pipe is being closed. (0xE8)
[1013/212842.015:ERROR:process_memory_win.cc(73)] ReadMemory at 0x7ff6e37f0000 of 64 bytes failed: Only part of a ReadProcessMemory or WriteProcessMemory request was completed. (0x12B)
[1013/212842.015:WARNING:pe_image_reader.cc(340)] could not read dos header from C:\Program Files (x86)\Google\Chrome\Application\chrome.exe
[1013/212842.016:ERROR:process_memory_win.cc(73)] ReadMemory at 0x7ffc9c0a0000 of 64 bytes failed: Only part of a ReadProcessMemory or WriteProcessMemory request was completed. (0x12B)
[1013/212842.016:WARNING:pe_image_reader.cc(340)] could not read dos header from C:\WINDOWS\SYSTEM32\ntdll.dll
[1013/212842.016:ERROR:process_memory_win.cc(73)] ReadMemory at 0x7ffc9ab70000 of 64 bytes failed: Only part of a ReadProcessMemory or WriteProcessMemory request was completed. (0x12B)
[1013/212842.016:WARNING:pe_image_reader.cc(340)] could not read dos header from C:\WINDOWS\System32\KERNEL32.DLL
[1013/212842.016:ERROR:process_memory_win.cc(73)] ReadMemory at 0x7ffc99ea0000 of 64 bytes failed: Only part of a ReadProcessMemory or WriteProcessMemory request was completed. (0x12B)
[1013/212842.016:WARNING:pe_image_reader.cc(340)] could not read dos header from C:\WINDOWS\System32\KERNELBASE.dll
[1013/212842.016:ERROR:process_memory_win.cc(73)] ReadMemory at 0x7ffc55450000 of 64 bytes failed: Only part of a ReadProcessMemory or WriteProcessMemory request was completed. (0x12B)
[1013/212842.016:WARNING:pe_image_reader.cc(340)] could not read dos header from C:\Program Files (x86)\Google\Chrome\Application\86.0.4240.75\chrome_elf.dll
[1013/212842.016:ERROR:process_memory_win.cc(73)] ReadMemory at 0x7ffc94260000 of 64 bytes failed: Only part of a ReadProcessMemory or WriteProcessMemory request was completed. (0x12B)
[1013/212842.016:WARNING:pe_image_reader.cc(340)] could not read dos header from C:\WINDOWS\SYSTEM32\VERSION.dll
[1013/212842.016:ERROR:process_memory_win.cc(73)] ReadMemory at 0x215216a0000 of 64 bytes failed: Only part of a ReadProcessMemory or WriteProcessMemory request was completed. (0x12B)
[1013/212842.016:WARNING:pe_image_reader.cc(340)] could not read dos header from C:\WINDOWS\System32\msvcrt.dll
[1013/212842.016:ERROR:process_memory_win.cc(73)] ReadMemory at 0x7ffc99410000 of 64 bytes failed: Only part of a ReadProcessMemory or WriteProcessMemory request was completed. (0x12B)
[1013/212842.016:WARNING:pe_image_reader.cc(340)] could not read dos header from C:\WINDOWS\System32\bcryptPrimitives.dll
[1013/212842.016:ERROR:process_memory_win.cc(73)] ReadMemory at 0x7ffc9b130000 of 64 bytes failed: Only part of a ReadProcessMemory or WriteProcessMemory request was completed. (0x12B)
[1013/212842.016:WARNING:pe_image_reader.cc(340)] could not read dos header from C:\WINDOWS\System32\ADVAPI32.dll
[1013/212842.016:ERROR:process_memory_win.cc(73)] ReadMemory at 0x7ffc9a910000 of 64 bytes failed: Only part of a ReadProcessMemory or WriteProcessMemory request was completed. (0x12B)
[1013/212842.016:WARNING:pe_image_reader.cc(340)] could not read dos header from C:\WINDOWS\System32\sechost.dll
[1013/212842.016:ERROR:process_memory_win.cc(73)] ReadMemory at 0x7ffc9ae80000 of 64 bytes failed: Only part of a ReadProcessMemory or WriteProcessMemory request was completed. (0x12B)
[1013/212842.016:WARNING:pe_image_reader.cc(340)] could not read dos header from C:\WINDOWS\System32\RPCRT4.dll
[1013/212842.016:ERROR:process_memory_win.cc(73)] ReadMemory at 0x7ffc2a3f0000 of 64 bytes failed: Only part of a ReadProcessMemory or WriteProcessMemory request was completed. (0x12B)
[1013/212842.016:WARNING:pe_image_reader.cc(340)] could not read dos header from C:\Program Files (x86)\Google\Chrome\Application\86.0.4240.75\chrome.dll
[1013/212842.016:ERROR:process_memory_win.cc(73)] ReadMemory at 0x7ffc9ae10000 of 64 bytes failed: Only part of a ReadProcessMemory or WriteProcessMemory request was completed. (0x12B)
[1013/212842.016:WARNING:pe_image_reader.cc(340)] could not read dos header from C:\WINDOWS\System32\WS2_32.dll
[1013/212842.016:ERROR:process_memory_win.cc(73)] ReadMemory at 0x7ffc9bf90000 of 64 bytes failed: Only part of a ReadProcessMemory or WriteProcessMemory request was completed. (0x12B)
[1013/212842.016:WARNING:pe_image_reader.cc(340)] could not read dos header from C:\WINDOWS\System32\OLEAUT32.dll
[1013/212842.016:ERROR:process_memory_win.cc(73)] ReadMemory at 0x7ffc99e00000 of 64 bytes failed: Only part of a ReadProcessMemory or WriteProcessMemory request was completed. (0x12B)
[1013/212842.017:WARNING:pe_image_reader.cc(340)] could not read dos header from C:\WINDOWS\System32\msvcp_win.dll
[1013/212842.017:ERROR:process_memory_win.cc(73)] ReadMemory at 0x7ffc99030000 of 64 bytes failed: Only part of a ReadProcessMemory or WriteProcessMemory request was completed. (0x12B)
[1013/212842.017:WARNING:pe_image_reader.cc(340)] could not read dos header from C:\WINDOWS\System32\ucrtbase.dll
[1013/212842.017:ERROR:process_memory_win.cc(73)] ReadMemory at 0x7ffc9bad0000 of 64 bytes failed: Only part of a ReadProcessMemory or WriteProcessMemory request was completed. (0x12B)
[1013/212842.017:WARNING:pe_image_reader.cc(340)] could not read dos header from C:\WINDOWS\System32\combase.dll
[1013/212842.017:ERROR:process_memory_win.cc(73)] ReadMemory at 0x7ffc992d0000 of 64 bytes failed: Only part of a ReadProcessMemory or WriteProcessMemory request was completed. (0x12B)
[1013/212842.017:WARNING:pe_image_reader.cc(340)] could not read dos header from C:\WINDOWS\System32\WINTRUST.dll
[1013/212842.017:ERROR:process_memory_win.cc(73)] ReadMemory at 0x7ffc99010000 of 64 bytes failed: Only part of a ReadProcessMemory or WriteProcessMemory request was completed. (0x12B)
[1013/212842.017:WARNING:pe_image_reader.cc(340)] could not read dos header from C:\WINDOWS\System32\MSASN1.dll
[1013/212842.017:ERROR:process_memory_win.cc(73)] ReadMemory at 0x7ffc99180000 of 64 bytes failed: Only part of a ReadProcessMemory or WriteProcessMemory request was completed. (0x12B)
[1013/212842.017:WARNING:pe_image_reader.cc(340)] could not read dos header from C:\WINDOWS\System32\CRYPT32.dll
[1013/212842.017:ERROR:process_memory_win.cc(73)] ReadMemory at 0x7ffc92b00000 of 64 bytes failed: Only part of a ReadProcessMemory or WriteProcessMemory request was completed. (0x12B)
[1013/212842.017:WARNING:pe_image_reader.cc(340)] could not read dos header from C:\WINDOWS\SYSTEM32\dbghelp.dll
[1013/212842.017:ERROR:process_memory_win.cc(73)] ReadMemory at 0x7ffc98460000 of 64 bytes failed: Only part of a ReadProcessMemory or WriteProcessMemory request was completed. (0x12B)
[1013/212842.017:WARNING:pe_image_reader.cc(340)] could not read dos header from C:\WINDOWS\SYSTEM32\IPHLPAPI.DLL
[1013/212842.017:ERROR:process_memory_win.cc(73)] ReadMemory at 0x7ffc96f30000 of 64 bytes failed: Only part of a ReadProcessMemory or WriteProcessMemory request was completed. (0x12B)
[1013/212842.017:WARNING:pe_image_reader.cc(340)] could not read dos header from C:\WINDOWS\SYSTEM32\WINMM.dll
[1013/212842.017:ERROR:process_memory_win.cc(73)] ReadMemory at 0x7ffc70cb0000 of 64 bytes failed: Only part of a ReadProcessMemory or WriteProcessMemory request was completed. (0x12B)
[1013/212842.017:WARNING:pe_image_reader.cc(340)] could not read dos header from C:\WINDOWS\SYSTEM32\UIAutomationCore.DLL
[1013/212842.017:ERROR:process_memory_win.cc(73)] ReadMemory at 0x7ffc8fa20000 of 64 bytes failed: Only part of a ReadProcessMemory or WriteProcessMemory request was completed. (0x12B)
[1013/212842.017:WARNING:pe_image_reader.cc(340)] could not read dos header from C:\WINDOWS\SYSTEM32\Secur32.dll
[1013/212842.017:ERROR:process_memory_win.cc(73)] ReadMemory at 0x7ffc98e40000 of 64 bytes failed: Only part of a ReadProcessMemory or WriteProcessMemory request was completed. (0x12B)
[1013/212842.017:WARNING:pe_image_reader.cc(340)] could not read dos header from C:\WINDOWS\SYSTEM32\USERENV.dll
[1013/212842.017:ERROR:process_memory_win.cc(73)] ReadMemory at 0x7ffc98f90000 of 64 bytes failed: Only part of a ReadProcessMemory or WriteProcessMemory request was completed. (0x12B)
[1013/212842.017:WARNING:pe_image_reader.cc(340)] could not read dos header from C:\WINDOWS\System32\profapi.dll
[1013/212842.017:ERROR:process_memory_win.cc(73)] ReadMemory at 0x7ffc6e1c0000 of 64 bytes failed: Only part of a ReadProcessMemory or WriteProcessMemory request was completed. (0x12B)
[1013/212842.017:WARNING:pe_image_reader.cc(340)] could not read dos header from C:\WINDOWS\SYSTEM32\DWrite.dll
[1013/212842.017:ERROR:process_memory_win.cc(73)] ReadMemory at 0x7ffc83b80000 of 64 bytes failed: Only part of a ReadProcessMemory or WriteProcessMemory request was completed. (0x12B)
[1013/212842.017:WARNING:pe_image_reader.cc(340)] could not read dos header from C:\WINDOWS\SYSTEM32\WINSPOOL.DRV
[1013/212842.017:ERROR:process_memory_win.cc(73)] ReadMemory at 0x7ffc98f70000 of 64 bytes failed: Only part of a ReadProcessMemory or WriteProcessMemory request was completed. (0x12B)
[1013/212842.017:WARNING:pe_image_reader.cc(340)] could not read dos header from C:\WINDOWS\System32\kernel.appcore.dll
[1013/212842.017:ERROR:process_memory_win.cc(73)] ReadMemory at 0x7ffc99650000 of 64 bytes failed: Only part of a ReadProcessMemory or WriteProcessMemory request was completed. (0x12B)
[1013/212842.017:WARNING:pe_image_reader.cc(340)] could not read dos header from C:\WINDOWS\System32\bcrypt.dll
[1013/212842.017:ERROR:process_memory_win.cc(73)] ReadMemory at 0x7ffc94170000 of 64 bytes failed: Only part of a ReadProcessMemory or WriteProcessMemory request was completed. (0x12B)
[1013/212842.017:WARNING:pe_image_reader.cc(340)] could not read dos header from C:\WINDOWS\SYSTEM32\WINHTTP.dll
[1013/212842.017:ERROR:process_memory_win.cc(73)] ReadMemory at 0x7ffc92d90000 of 64 bytes failed: Only part of a ReadProcessMemory or WriteProcessMemory request was completed. (0x12B)
[1013/212842.017:WARNING:pe_image_reader.cc(340)] could not read dos header from C:\WINDOWS\SYSTEM32\dhcpcsvc.DLL
[1013/212842.017:ERROR:process_memory_win.cc(73)] ReadMemory at 0x7ffc9a9b0000 of 64 bytes failed: Only part of a ReadProcessMemory or WriteProcessMemory request was completed. (0x12B)
[1013/212842.017:WARNING:pe_image_reader.cc(340)] could not read dos header from C:\WINDOWS\System32\NSI.dll
[1013/212842.017:ERROR:process_memory_win.cc(73)] ReadMemory at 0x7ffc96b40000 of 64 bytes failed: Only part of a ReadProcessMemory or WriteProcessMemory request was completed. (0x12B)
[1013/212842.017:WARNING:pe_image_reader.cc(340)] could not read dos header from C:\WINDOWS\SYSTEM32\WINMMBASE.dll
[1013/212842.017:ERROR:process_memory_win.cc(73)] ReadMemory at 0x7ffc99130000 of 64 bytes failed: Only part of a ReadProcessMemory or WriteProcessMemory request was completed. (0x12B)
[1013/212842.017:WARNING:pe_image_reader.cc(340)] could not read dos header from C:\WINDOWS\System32\cfgmgr32.dll
[1013/212842.017:ERROR:process_memory_win.cc(73)] ReadMemory at 0x7ffc95790000 of 64 bytes failed: Only part of a ReadProcessMemory or WriteProcessMemory request was completed. (0x12B)
[1013/212842.017:WARNING:pe_image_reader.cc(340)] could not read dos header from C:\WINDOWS\SYSTEM32\PROPSYS.dll
[1013/212842.017:ERROR:process_memory_win.cc(73)] ReadMemory at 0x7ffc9b5b0000 of 64 bytes failed: Only part of a ReadProcessMemory or WriteProcessMemory request was completed. (0x12B)
[1013/212842.017:WARNING:pe_image_reader.cc(340)] could not read dos header from C:\WINDOWS\System32\shcore.dll
[1013/212842.017:ERROR:process_memory_win.cc(73)] ReadMemory at 0x7ffc98e70000 of 64 bytes failed: Only part of a ReadProcessMemory or WriteProcessMemory request was completed. (0x12B)
[1013/212842.017:WARNING:pe_image_reader.cc(340)] could not read dos header from C:\WINDOWS\SYSTEM32\SSPICLI.DLL
[1013/212842.017:ERROR:process_memory_win.cc(73)] ReadMemory at 0x7ffc98920000 of 64 bytes failed: Only part of a ReadProcessMemory or WriteProcessMemory request was completed. (0x12B)
[1013/212842.018:WARNING:pe_image_reader.cc(340)] could not read dos header from C:\WINDOWS\SYSTEM32\CRYPTBASE.DLL
[1013/212842.026:ERROR:process_memory_win.cc(73)] ReadMemory at 0x7ff6e37f0000 of 64 bytes failed: Only part of a ReadProcessMemory or WriteProcessMemory request was completed. (0x12B)
[1013/212842.026:WARNING:pe_image_reader.cc(340)] could not read dos header from C:\Program Files (x86)\Google\Chrome\Application\chrome.exe
[1013/212842.026:ERROR:process_memory_win.cc(73)] ReadMemory at 0x7ffc9c0a0000 of 64 bytes failed: Only part of a ReadProcessMemory or WriteProcessMemory request was completed. (0x12B)
[1013/212842.026:WARNING:pe_image_reader.cc(340)] could not read dos header from C:\WINDOWS\SYSTEM32\ntdll.dll
[1013/212842.026:ERROR:process_memory_win.cc(73)] ReadMemory at 0x7ffc9ab70000 of 64 bytes failed: Only part of a ReadProcessMemory or WriteProcessMemory request was completed. (0x12B)
[1013/212842.026:WARNING:pe_image_reader.cc(340)] could not read dos header from C:\WINDOWS\System32\KERNEL32.DLL
[1013/212842.026:ERROR:process_memory_win.cc(73)] ReadMemory at 0x7ffc99ea0000 of 64 bytes failed: Only part of a ReadProcessMemory or WriteProcessMemory request was completed. (0x12B)
[1013/212842.026:WARNING:pe_image_reader.cc(340)] could not read dos header from C:\WINDOWS\System32\KERNELBASE.dll
[1013/212842.026:ERROR:process_memory_win.cc(73)] ReadMemory at 0x7ffc55450000 of 64 bytes failed: Only part of a ReadProcessMemory or WriteProcessMemory request was completed. (0x12B)
[1013/212842.026:WARNING:pe_image_reader.cc(340)] could not read dos header from C:\Program Files (x86)\Google\Chrome\Application\86.0.4240.75\chrome_elf.dll
[1013/212842.026:ERROR:process_memory_win.cc(73)] ReadMemory at 0x7ffc94260000 of 64 bytes failed: Only part of a ReadProcessMemory or WriteProcessMemory request was completed. (0x12B)
[1013/212842.026:WARNING:pe_image_reader.cc(340)] could not read dos header from C:\WINDOWS\SYSTEM32\VERSION.dll
[1013/212842.026:ERROR:process_memory_win.cc(73)] ReadMemory at 0x215216a0000 of 64 bytes failed: Only part of a ReadProcessMemory or WriteProcessMemory request was completed. (0x12B)
[1013/212842.027:WARNING:pe_image_reader.cc(340)] could not read dos header from C:\WINDOWS\System32\msvcrt.dll
[1013/212842.027:ERROR:process_memory_win.cc(73)] ReadMemory at 0x7ffc99410000 of 64 bytes failed: Only part of a ReadProcessMemory or WriteProcessMemory request was completed. (0x12B)
[1013/212842.027:WARNING:pe_image_reader.cc(340)] could not read dos header from C:\WINDOWS\System32\bcryptPrimitives.dll
[1013/212842.027:ERROR:process_memory_win.cc(73)] ReadMemory at 0x7ffc9b130000 of 64 bytes failed: Only part of a ReadProcessMemory or WriteProcessMemory request was completed. (0x12B)
[1013/212842.027:WARNING:pe_image_reader.cc(340)] could not read dos header from C:\WINDOWS\System32\ADVAPI32.dll
[1013/212842.027:ERROR:process_memory_win.cc(73)] ReadMemory at 0x7ffc9a910000 of 64 bytes failed: Only part of a ReadProcessMemory or WriteProcessMemory request was completed. (0x12B)
[1013/212842.027:WARNING:pe_image_reader.cc(340)] could not read dos header from C:\WINDOWS\System32\sechost.dll
[1013/212842.027:ERROR:process_memory_win.cc(73)] ReadMemory at 0x7ffc9ae80000 of 64 bytes failed: Only part of a ReadProcessMemory or WriteProcessMemory request was completed. (0x12B)
[1013/212842.027:WARNING:pe_image_reader.cc(340)] could not read dos header from C:\WINDOWS\System32\RPCRT4.dll
[1013/212842.027:ERROR:process_memory_win.cc(73)] ReadMemory at 0x7ffc2a3f0000 of 64 bytes failed: Only part of a ReadProcessMemory or WriteProcessMemory request was completed. (0x12B)
[1013/212842.027:WARNING:pe_image_reader.cc(340)] could not read dos header from C:\Program Files (x86)\Google\Chrome\Application\86.0.4240.75\chrome.dll
[1013/212842.027:ERROR:process_memory_win.cc(73)] ReadMemory at 0x7ffc9ae10000 of 64 bytes failed: Only part of a ReadProcessMemory or WriteProcessMemory request was completed. (0x12B)
[1013/212842.027:WARNING:pe_image_reader.cc(340)] could not read dos header from C:\WINDOWS\System32\WS2_32.dll
[1013/212842.027:ERROR:process_memory_win.cc(73)] ReadMemory at 0x7ffc9bf90000 of 64 bytes failed: Only part of a ReadProcessMemory or WriteProcessMemory request was completed. (0x12B)
[1013/212842.027:WARNING:pe_image_reader.cc(340)] could not read dos header from C:\WINDOWS\System32\OLEAUT32.dll
[1013/212842.027:ERROR:process_memory_win.cc(73)] ReadMemory at 0x7ffc99e00000 of 64 bytes failed: Only part of a ReadProcessMemory or WriteProcessMemory request was completed. (0x12B)
[1013/212842.027:WARNING:pe_image_reader.cc(340)] could not read dos header from C:\WINDOWS\System32\msvcp_win.dll
[1013/212842.027:ERROR:process_memory_win.cc(73)] ReadMemory at 0x7ffc99030000 of 64 bytes failed: Only part of a ReadProcessMemory or WriteProcessMemory request was completed. (0x12B)
[1013/212842.027:WARNING:pe_image_reader.cc(340)] could not read dos header from C:\WINDOWS\System32\ucrtbase.dll
[1013/212842.027:ERROR:process_memory_win.cc(73)] ReadMemory at 0x7ffc9bad0000 of 64 bytes failed: Only part of a ReadProcessMemory or WriteProcessMemory request was completed. (0x12B)
[1013/212842.027:WARNING:pe_image_reader.cc(340)] could not read dos header from C:\WINDOWS\System32\combase.dll
[1013/212842.027:ERROR:process_memory_win.cc(73)] ReadMemory at 0x7ffc992d0000 of 64 bytes failed: Only part of a ReadProcessMemory or WriteProcessMemory request was completed. (0x12B)
[1013/212842.027:WARNING:pe_image_reader.cc(340)] could not read dos header from C:\WINDOWS\System32\WINTRUST.dll
[1013/212842.027:ERROR:process_memory_win.cc(73)] ReadMemory at 0x7ffc99010000 of 64 bytes failed: Only part of a ReadProcessMemory or WriteProcessMemory request was completed. (0x12B)
[1013/212842.027:WARNING:pe_image_reader.cc(340)] could not read dos header from C:\WINDOWS\System32\MSASN1.dll
[1013/212842.027:ERROR:process_memory_win.cc(73)] ReadMemory at 0x7ffc99180000 of 64 bytes failed: Only part of a ReadProcessMemory or WriteProcessMemory request was completed. (0x12B)
[1013/212842.027:WARNING:pe_image_reader.cc(340)] could not read dos header from C:\WINDOWS\System32\CRYPT32.dll
[1013/212842.027:ERROR:process_memory_win.cc(73)] ReadMemory at 0x7ffc92b00000 of 64 bytes failed: Only part of a ReadProcessMemory or WriteProcessMemory request was completed. (0x12B)
[1013/212842.027:WARNING:pe_image_reader.cc(340)] could not read dos header from C:\WINDOWS\SYSTEM32\dbghelp.dll
[1013/212842.027:ERROR:process_memory_win.cc(73)] ReadMemory at 0x7ffc98460000 of 64 bytes failed: Only part of a ReadProcessMemory or WriteProcessMemory request was completed. (0x12B)
[1013/212842.027:WARNING:pe_image_reader.cc(340)] could not read dos header from C:\WINDOWS\SYSTEM32\IPHLPAPI.DLL
[1013/212842.027:ERROR:process_memory_win.cc(73)] ReadMemory at 0x7ffc96f30000 of 64 bytes failed: Only part of a ReadProcessMemory or WriteProcessMemory request was completed. (0x12B)
[1013/212842.027:WARNING:pe_image_reader.cc(340)] could not read dos header from C:\WINDOWS\SYSTEM32\WINMM.dll
[1013/212842.027:ERROR:process_memory_win.cc(73)] ReadMemory at 0x7ffc70cb0000 of 64 bytes failed: Only part of a ReadProcessMemory or WriteProcessMemory request was completed. (0x12B)
[1013/212842.027:WARNING:pe_image_reader.cc(340)] could not read dos header from C:\WINDOWS\SYSTEM32\UIAutomationCore.DLL
[1013/212842.027:ERROR:process_memory_win.cc(73)] ReadMemory at 0x7ffc8fa20000 of 64 bytes failed: Only part of a ReadProcessMemory or WriteProcessMemory request was completed. (0x12B)
[1013/212842.027:WARNING:pe_image_reader.cc(340)] could not read dos header from C:\WINDOWS\SYSTEM32\Secur32.dll
[1013/212842.027:ERROR:process_memory_win.cc(73)] ReadMemory at 0x7ffc98e40000 of 64 bytes failed: Only part of a ReadProcessMemory or WriteProcessMemory request was completed. (0x12B)
[1013/212842.027:WARNING:pe_image_reader.cc(340)] could not read dos header from C:\WINDOWS\SYSTEM32\USERENV.dll
[1013/212842.027:ERROR:process_memory_win.cc(73)] ReadMemory at 0x7ffc98f90000 of 64 bytes failed: Only part of a ReadProcessMemory or WriteProcessMemory request was completed. (0x12B)
[1013/212842.027:WARNING:pe_image_reader.cc(340)] could not read dos header from C:\WINDOWS\System32\profapi.dll
[1013/212842.027:ERROR:process_memory_win.cc(73)] ReadMemory at 0x7ffc6e1c0000 of 64 bytes failed: Only part of a ReadProcessMemory or WriteProcessMemory request was completed. (0x12B)
[1013/212842.027:WARNING:pe_image_reader.cc(340)] could not read dos header from C:\WINDOWS\SYSTEM32\DWrite.dll
[1013/212842.027:ERROR:process_memory_win.cc(73)] ReadMemory at 0x7ffc83b80000 of 64 bytes failed: Only part of a ReadProcessMemory or WriteProcessMemory request was completed. (0x12B)
[1013/212842.027:WARNING:pe_image_reader.cc(340)] could not read dos header from C:\WINDOWS\SYSTEM32\WINSPOOL.DRV
[1013/212842.027:ERROR:process_memory_win.cc(73)] ReadMemory at 0x7ffc98f70000 of 64 bytes failed: Only part of a ReadProcessMemory or WriteProcessMemory request was completed. (0x12B)
[1013/212842.027:WARNING:pe_image_reader.cc(340)] could not read dos header from C:\WINDOWS\System32\kernel.appcore.dll
[1013/212842.027:ERROR:process_memory_win.cc(73)] ReadMemory at 0x7ffc99650000 of 64 bytes failed: Only part of a ReadProcessMemory or WriteProcessMemory request was completed. (0x12B)
[1013/212842.027:WARNING:pe_image_reader.cc(340)] could not read dos header from C:\WINDOWS\System32\bcrypt.dll
[1013/212842.027:ERROR:process_memory_win.cc(73)] ReadMemory at 0x7ffc94170000 of 64 bytes failed: Only part of a ReadProcessMemory or WriteProcessMemory request was completed. (0x12B)
[1013/212842.027:WARNING:pe_image_reader.cc(340)] could not read dos header from C:\WINDOWS\SYSTEM32\WINHTTP.dll
[1013/212842.027:ERROR:process_memory_win.cc(73)] ReadMemory at 0x7ffc92d90000 of 64 bytes failed: Only part of a ReadProcessMemory or WriteProcessMemory request was completed. (0x12B)
[1013/212842.027:WARNING:pe_image_reader.cc(340)] could not read dos header from C:\WINDOWS\SYSTEM32\dhcpcsvc.DLL
[1013/212842.027:ERROR:process_memory_win.cc(73)] ReadMemory at 0x7ffc9a9b0000 of 64 bytes failed: Only part of a ReadProcessMemory or WriteProcessMemory request was completed. (0x12B)
[1013/212842.027:WARNING:pe_image_reader.cc(340)] could not read dos header from C:\WINDOWS\System32\NSI.dll
[1013/212842.027:ERROR:process_memory_win.cc(73)] ReadMemory at 0x7ffc96b40000 of 64 bytes failed: Only part of a ReadProcessMemory or WriteProcessMemory request was completed. (0x12B)
[1013/212842.027:WARNING:pe_image_reader.cc(340)] could not read dos header from C:\WINDOWS\SYSTEM32\WINMMBASE.dll
[1013/212842.028:ERROR:process_memory_win.cc(73)] ReadMemory at 0x7ffc99130000 of 64 bytes failed: Only part of a ReadProcessMemory or WriteProcessMemory request was completed. (0x12B)
[1013/212842.028:WARNING:pe_image_reader.cc(340)] could not read dos header from C:\WINDOWS\System32\cfgmgr32.dll
[1013/212842.028:ERROR:process_memory_win.cc(73)] ReadMemory at 0x7ffc95790000 of 64 bytes failed: Only part of a ReadProcessMemory or WriteProcessMemory request was completed. (0x12B)
[1013/212842.028:WARNING:pe_image_reader.cc(340)] could not read dos header from C:\WINDOWS\SYSTEM32\PROPSYS.dll
[1013/212842.028:ERROR:process_memory_win.cc(73)] ReadMemory at 0x7ffc9b5b0000 of 64 bytes failed: Only part of a ReadProcessMemory or WriteProcessMemory request was completed. (0x12B)
[1013/212842.028:WARNING:pe_image_reader.cc(340)] could not read dos header from C:\WINDOWS\System32\shcore.dll
[1013/212842.028:ERROR:process_memory_win.cc(73)] ReadMemory at 0x7ffc98e70000 of 64 bytes failed: Only part of a ReadProcessMemory or WriteProcessMemory request was completed. (0x12B)
[1013/212842.028:WARNING:pe_image_reader.cc(340)] could not read dos header from C:\WINDOWS\SYSTEM32\SSPICLI.DLL
[1013/212842.028:ERROR:process_memory_win.cc(73)] ReadMemory at 0x7ffc98920000 of 64 bytes failed: Only part of a ReadProcessMemory or WriteProcessMemory request was completed. (0x12B)
[1013/212842.028:WARNING:pe_image_reader.cc(340)] could not read dos header from C:\WINDOWS\SYSTEM32\CRYPTBASE.DLL
[1013/212842.028:ERROR:process_memory_win.cc(73)] ReadMemory at 0x7ff6e37f0000 of 64 bytes failed: Only part of a ReadProcessMemory or WriteProcessMemory request was completed. (0x12B)
[1013/212842.028:WARNING:pe_image_reader.cc(340)] could not read dos header from C:\Program Files (x86)\Google\Chrome\Application\chrome.exe
[1013/212842.028:ERROR:process_memory_win.cc(73)] ReadMemory at 0x7ffc9c0a0000 of 64 bytes failed: Only part of a ReadProcessMemory or WriteProcessMemory request was completed. (0x12B)
[1013/212842.028:WARNING:pe_image_reader.cc(340)] could not read dos header from C:\WINDOWS\SYSTEM32\ntdll.dll
[1013/212842.028:ERROR:process_memory_win.cc(73)] ReadMemory at 0x7ffc9ab70000 of 64 bytes failed: Only part of a ReadProcessMemory or WriteProcessMemory request was completed. (0x12B)
[1013/212842.028:WARNING:pe_image_reader.cc(340)] could not read dos header from C:\WINDOWS\System32\KERNEL32.DLL
[1013/212842.028:ERROR:process_memory_win.cc(73)] ReadMemory at 0x7ffc99ea0000 of 64 bytes failed: Only part of a ReadProcessMemory or WriteProcessMemory request was completed. (0x12B)
[1013/212842.028:WARNING:pe_image_reader.cc(340)] could not read dos header from C:\WINDOWS\System32\KERNELBASE.dll
[1013/212842.028:ERROR:process_memory_win.cc(73)] ReadMemory at 0x7ffc55450000 of 64 bytes failed: Only part of a ReadProcessMemory or WriteProcessMemory request was completed. (0x12B)
[1013/212842.028:WARNING:pe_image_reader.cc(340)] could not read dos header from C:\Program Files (x86)\Google\Chrome\Application\86.0.4240.75\chrome_elf.dll
[1013/212842.028:ERROR:process_memory_win.cc(73)] ReadMemory at 0x7ffc94260000 of 64 bytes failed: Only part of a ReadProcessMemory or WriteProcessMemory request was completed. (0x12B)
[1013/212842.028:WARNING:pe_image_reader.cc(340)] could not read dos header from C:\WINDOWS\SYSTEM32\VERSION.dll
[1013/212842.028:ERROR:process_memory_win.cc(73)] ReadMemory at 0x215216a0000 of 64 bytes failed: Only part of a ReadProcessMemory or WriteProcessMemory request was completed. (0x12B)
[1013/212842.028:WARNING:pe_image_reader.cc(340)] could not read dos header from C:\WINDOWS\System32\msvcrt.dll
[1013/212842.028:ERROR:process_memory_win.cc(73)] ReadMemory at 0x7ffc99410000 of 64 bytes failed: Only part of a ReadProcessMemory or WriteProcessMemory request was completed. (0x12B)
[1013/212842.028:WARNING:pe_image_reader.cc(340)] could not read dos header from C:\WINDOWS\System32\bcryptPrimitives.dll
[1013/212842.028:ERROR:process_memory_win.cc(73)] ReadMemory at 0x7ffc9b130000 of 64 bytes failed: Only part of a ReadProcessMemory or WriteProcessMemory request was completed. (0x12B)
[1013/212842.028:WARNING:pe_image_reader.cc(340)] could not read dos header from C:\WINDOWS\System32\ADVAPI32.dll
[1013/212842.028:ERROR:process_memory_win.cc(73)] ReadMemory at 0x7ffc9a910000 of 64 bytes failed: Only part of a ReadProcessMemory or WriteProcessMemory request was completed. (0x12B)
[1013/212842.028:WARNING:pe_image_reader.cc(340)] could not read dos header from C:\WINDOWS\System32\sechost.dll
[1013/212842.028:ERROR:process_memory_win.cc(73)] ReadMemory at 0x7ffc9ae80000 of 64 bytes failed: Only part of a ReadProcessMemory or WriteProcessMemory request was completed. (0x12B)
[1013/212842.028:WARNING:pe_image_reader.cc(340)] could not read dos header from C:\WINDOWS\System32\RPCRT4.dll
[1013/212842.028:ERROR:process_memory_win.cc(73)] ReadMemory at 0x7ffc2a3f0000 of 64 bytes failed: Only part of a ReadProcessMemory or WriteProcessMemory request was completed. (0x12B)
[1013/212842.028:WARNING:pe_image_reader.cc(340)] could not read dos header from C:\Program Files (x86)\Google\Chrome\Application\86.0.4240.75\chrome.dll
[1013/212842.028:ERROR:process_memory_win.cc(73)] ReadMemory at 0x7ffc9ae10000 of 64 bytes failed: Only part of a ReadProcessMemory or WriteProcessMemory request was completed. (0x12B)
[1013/212842.028:WARNING:pe_image_reader.cc(340)] could not read dos header from C:\WINDOWS\System32\WS2_32.dll
[1013/212842.028:ERROR:process_memory_win.cc(73)] ReadMemory at 0x7ffc9bf90000 of 64 bytes failed: Only part of a ReadProcessMemory or WriteProcessMemory request was completed. (0x12B)
[1013/212842.028:WARNING:pe_image_reader.cc(340)] could not read dos header from C:\WINDOWS\System32\OLEAUT32.dll
[1013/212842.028:ERROR:process_memory_win.cc(73)] ReadMemory at 0x7ffc99e00000 of 64 bytes failed: Only part of a ReadProcessMemory or WriteProcessMemory request was completed. (0x12B)
[1013/212842.028:WARNING:pe_image_reader.cc(340)] could not read dos header from C:\WINDOWS\System32\msvcp_win.dll
[1013/212842.028:ERROR:process_memory_win.cc(73)] ReadMemory at 0x7ffc99030000 of 64 bytes failed: Only part of a ReadProcessMemory or WriteProcessMemory request was completed. (0x12B)
[1013/212842.028:WARNING:pe_image_reader.cc(340)] could not read dos header from C:\WINDOWS\System32\ucrtbase.dll
[1013/212842.028:ERROR:process_memory_win.cc(73)] ReadMemory at 0x7ffc9bad0000 of 64 bytes failed: Only part of a ReadProcessMemory or WriteProcessMemory request was completed. (0x12B)
[1013/212842.028:WARNING:pe_image_reader.cc(340)] could not read dos header from C:\WINDOWS\System32\combase.dll
[1013/212842.028:ERROR:process_memory_win.cc(73)] ReadMemory at 0x7ffc992d0000 of 64 bytes failed: Only part of a ReadProcessMemory or WriteProcessMemory request was completed. (0x12B)
[1013/212842.028:WARNING:pe_image_reader.cc(340)] could not read dos header from C:\WINDOWS\System32\WINTRUST.dll
[1013/212842.028:ERROR:process_memory_win.cc(73)] ReadMemory at 0x7ffc99010000 of 64 bytes failed: Only part of a ReadProcessMemory or WriteProcessMemory request was completed. (0x12B)
[1013/212842.028:WARNING:pe_image_reader.cc(340)] could not read dos header from C:\WINDOWS\System32\MSASN1.dll
[1013/212842.028:ERROR:process_memory_win.cc(73)] ReadMemory at 0x7ffc99180000 of 64 bytes failed: Only part of a ReadProcessMemory or WriteProcessMemory request was completed. (0x12B)
[1013/212842.028:WARNING:pe_image_reader.cc(340)] could not read dos header from C:\WINDOWS\System32\CRYPT32.dll
[1013/212842.028:ERROR:process_memory_win.cc(73)] ReadMemory at 0x7ffc92b00000 of 64 bytes failed: Only part of a ReadProcessMemory or WriteProcessMemory request was completed. (0x12B)
[1013/212842.028:WARNING:pe_image_reader.cc(340)] could not read dos header from C:\WINDOWS\SYSTEM32\dbghelp.dll
[1013/212842.028:ERROR:process_memory_win.cc(73)] ReadMemory at 0x7ffc98460000 of 64 bytes failed: Only part of a ReadProcessMemory or WriteProcessMemory request was completed. (0x12B)
[1013/212842.028:WARNING:pe_image_reader.cc(340)] could not read dos header from C:\WINDOWS\SYSTEM32\IPHLPAPI.DLL
[1013/212842.028:ERROR:process_memory_win.cc(73)] ReadMemory at 0x7ffc96f30000 of 64 bytes failed: Only part of a ReadProcessMemory or WriteProcessMemory request was completed. (0x12B)
[1013/212842.028:WARNING:pe_image_reader.cc(340)] could not read dos header from C:\WINDOWS\SYSTEM32\WINMM.dll
[1013/212842.028:ERROR:process_memory_win.cc(73)] ReadMemory at 0x7ffc70cb0000 of 64 bytes failed: Only part of a ReadProcessMemory or WriteProcessMemory request was completed. (0x12B)
[1013/212842.028:WARNING:pe_image_reader.cc(340)] could not read dos header from C:\WINDOWS\SYSTEM32\UIAutomationCore.DLL
[1013/212842.028:ERROR:process_memory_win.cc(73)] ReadMemory at 0x7ffc8fa20000 of 64 bytes failed: Only part of a ReadProcessMemory or WriteProcessMemory request was completed. (0x12B)
[1013/212842.028:WARNING:pe_image_reader.cc(340)] could not read dos header from C:\WINDOWS\SYSTEM32\Secur32.dll
[1013/212842.028:ERROR:process_memory_win.cc(73)] ReadMemory at 0x7ffc98e40000 of 64 bytes failed: Only part of a ReadProcessMemory or WriteProcessMemory request was completed. (0x12B)
[1013/212842.029:WARNING:pe_image_reader.cc(340)] could not read dos header from C:\WINDOWS\SYSTEM32\USERENV.dll
[1013/212842.029:ERROR:process_memory_win.cc(73)] ReadMemory at 0x7ffc98f90000 of 64 bytes failed: Only part of a ReadProcessMemory or WriteProcessMemory request was completed. (0x12B)
[1013/212842.029:WARNING:pe_image_reader.cc(340)] could not read dos header from C:\WINDOWS\System32\profapi.dll
[1013/212842.029:ERROR:process_memory_win.cc(73)] ReadMemory at 0x7ffc6e1c0000 of 64 bytes failed: Only part of a ReadProcessMemory or WriteProcessMemory request was completed. (0x12B)
[1013/212842.029:WARNING:pe_image_reader.cc(340)] could not read dos header from C:\WINDOWS\SYSTEM32\DWrite.dll
[1013/212842.029:ERROR:process_memory_win.cc(73)] ReadMemory at 0x7ffc83b80000 of 64 bytes failed: Only part of a ReadProcessMemory or WriteProcessMemory request was completed. (0x12B)
[1013/212842.029:WARNING:pe_image_reader.cc(340)] could not read dos header from C:\WINDOWS\SYSTEM32\WINSPOOL.DRV
[1013/212842.029:ERROR:process_memory_win.cc(73)] ReadMemory at 0x7ffc98f70000 of 64 bytes failed: Only part of a ReadProcessMemory or WriteProcessMemory request was completed. (0x12B)
[1013/212842.029:WARNING:pe_image_reader.cc(340)] could not read dos header from C:\WINDOWS\System32\kernel.appcore.dll
[1013/212842.029:ERROR:process_memory_win.cc(73)] ReadMemory at 0x7ffc99650000 of 64 bytes failed: Only part of a ReadProcessMemory or WriteProcessMemory request was completed. (0x12B)
[1013/212842.029:WARNING:pe_image_reader.cc(340)] could not read dos header from C:\WINDOWS\System32\bcrypt.dll
[1013/212842.029:ERROR:process_memory_win.cc(73)] ReadMemory at 0x7ffc94170000 of 64 bytes failed: Only part of a ReadProcessMemory or WriteProcessMemory request was completed. (0x12B)
[1013/212842.029:WARNING:pe_image_reader.cc(340)] could not read dos header from C:\WINDOWS\SYSTEM32\WINHTTP.dll
[1013/212842.029:ERROR:process_memory_win.cc(73)] ReadMemory at 0x7ffc92d90000 of 64 bytes failed: Only part of a ReadProcessMemory or WriteProcessMemory request was completed. (0x12B)
[1013/212842.029:WARNING:pe_image_reader.cc(340)] could not read dos header from C:\WINDOWS\SYSTEM32\dhcpcsvc.DLL
[1013/212842.029:ERROR:process_memory_win.cc(73)] ReadMemory at 0x7ffc9a9b0000 of 64 bytes failed: Only part of a ReadProcessMemory or WriteProcessMemory request was completed. (0x12B)
[1013/212842.029:WARNING:pe_image_reader.cc(340)] could not read dos header from C:\WINDOWS\System32\NSI.dll
[1013/212842.029:ERROR:process_memory_win.cc(73)] ReadMemory at 0x7ffc96b40000 of 64 bytes failed: Only part of a ReadProcessMemory or WriteProcessMemory request was completed. (0x12B)
[1013/212842.029:WARNING:pe_image_reader.cc(340)] could not read dos header from C:\WINDOWS\SYSTEM32\WINMMBASE.dll
[1013/212842.029:ERROR:process_memory_win.cc(73)] ReadMemory at 0x7ffc99130000 of 64 bytes failed: Only part of a ReadProcessMemory or WriteProcessMemory request was completed. (0x12B)
[1013/212842.029:WARNING:pe_image_reader.cc(340)] could not read dos header from C:\WINDOWS\System32\cfgmgr32.dll
[1013/212842.029:ERROR:process_memory_win.cc(73)] ReadMemory at 0x7ffc95790000 of 64 bytes failed: Only part of a ReadProcessMemory or WriteProcessMemory request was completed. (0x12B)
[1013/212842.029:WARNING:pe_image_reader.cc(340)] could not read dos header from C:\WINDOWS\SYSTEM32\PROPSYS.dll
[1013/212842.029:ERROR:process_memory_win.cc(73)] ReadMemory at 0x7ffc9b5b0000 of 64 bytes failed: Only part of a ReadProcessMemory or WriteProcessMemory request was completed. (0x12B)
[1013/212842.029:WARNING:pe_image_reader.cc(340)] could not read dos header from C:\WINDOWS\System32\shcore.dll
[1013/212842.029:ERROR:process_memory_win.cc(73)] ReadMemory at 0x7ffc98e70000 of 64 bytes failed: Only part of a ReadProcessMemory or WriteProcessMemory request was completed. (0x12B)
[1013/212842.029:WARNING:pe_image_reader.cc(340)] could not read dos header from C:\WINDOWS\SYSTEM32\SSPICLI.DLL
[1013/212842.029:ERROR:process_memory_win.cc(73)] ReadMemory at 0x7ffc98920000 of 64 bytes failed: Only part of a ReadProcessMemory or WriteProcessMemory request was completed. (0x12B)
[1013/212842.029:WARNING:pe_image_reader.cc(340)] could not read dos header from C:\WINDOWS\SYSTEM32\CRYPTBASE.DLL
[1013/212842.038:ERROR:process_memory_win.cc(73)] ReadMemory at 0xd219dda000 of 155648 bytes failed: Only part of a ReadProcessMemory or WriteProcessMemory request was completed. (0x12B)
[1013/212842.038:ERROR:process_memory_win.cc(73)] ReadMemory at 0xd21a5fe000 of 8192 bytes failed: Only part of a ReadProcessMemory or WriteProcessMemory request was completed. (0x12B)
[1013/212842.038:ERROR:process_memory_win.cc(73)] ReadMemory at 0xd21adfc000 of 16384 bytes failed: Only part of a ReadProcessMemory or WriteProcessMemory request was completed. (0x12B)
[1013/212842.038:ERROR:process_memory_win.cc(73)] ReadMemory at 0xd21b5fe000 of 8192 bytes failed: Only part of a ReadProcessMemory or WriteProcessMemory request was completed. (0x12B)
[1013/212842.038:ERROR:process_memory_win.cc(73)] ReadMemory at 0xd21bdfd000 of 12288 bytes failed: Only part of a ReadProcessMemory or WriteProcessMemory request was completed. (0x12B)
[1013/212842.038:ERROR:process_memory_win.cc(73)] ReadMemory at 0xd21c5fc000 of 16384 bytes failed: Only part of a ReadProcessMemory or WriteProcessMemory request was completed. (0x12B)
[1013/212842.038:ERROR:process_memory_win.cc(73)] ReadMemory at 0xd21cdfe000 of 8192 bytes failed: Only part of a ReadProcessMemory or WriteProcessMemory request was completed. (0x12B)
[1013/212842.038:ERROR:process_memory_win.cc(73)] ReadMemory at 0xd21d5fe000 of 8192 bytes failed: Only part of a ReadProcessMemory or WriteProcessMemory request was completed. (0x12B)
[1013/212842.038:ERROR:process_memory_win.cc(73)] ReadMemory at 0xd21ddfc000 of 16384 bytes failed: Only part of a ReadProcessMemory or WriteProcessMemory request was completed. (0x12B)
[1013/212842.038:ERROR:process_memory_win.cc(73)] ReadMemory at 0xd21e5fe000 of 8192 bytes failed: Only part of a ReadProcessMemory or WriteProcessMemory request was completed. (0x12B)
[1013/212842.038:ERROR:process_memory_win.cc(73)] ReadMemory at 0xd21edfe000 of 8192 bytes failed: Only part of a ReadProcessMemory or WriteProcessMemory request was completed. (0x12B)
[1013/212842.038:ERROR:process_memory_win.cc(73)] ReadMemory at 0xd21f5fc000 of 16384 bytes failed: Only part of a ReadProcessMemory or WriteProcessMemory request was completed. (0x12B)
[1013/212842.038:ERROR:process_memory_win.cc(73)] ReadMemory at 0xd21fdfc000 of 16384 bytes failed: Only part of a ReadProcessMemory or WriteProcessMemory request was completed. (0x12B)
[1013/212842.038:ERROR:process_memory_win.cc(73)] ReadMemory at 0xd2205fc000 of 16384 bytes failed: Only part of a ReadProcessMemory or WriteProcessMemory request was completed. (0x12B)
[1013/212842.038:ERROR:process_memory_win.cc(73)] ReadMemory at 0xd220dfc000 of 16384 bytes failed: Only part of a ReadProcessMemory or WriteProcessMemory request was completed. (0x12B)
[1013/212842.038:ERROR:process_memory_win.cc(73)] ReadMemory at 0xd2215fe000 of 8192 bytes failed: Only part of a ReadProcessMemory or WriteProcessMemory request was completed. (0x12B)
[1013/212842.038:ERROR:process_memory_win.cc(73)] ReadMemory at 0xd221dfc000 of 16384 bytes failed: Only part of a ReadProcessMemory or WriteProcessMemory request was completed. (0x12B)
[1013/212842.038:ERROR:process_memory_win.cc(73)] ReadMemory at 0xd2225fc000 of 16384 bytes failed: Only part of a ReadProcessMemory or WriteProcessMemory request was completed. (0x12B)
[1013/212842.039:ERROR:process_memory_win.cc(73)] ReadMemory at 0xd222dfd000 of 12288 bytes failed: Only part of a ReadProcessMemory or WriteProcessMemory request was completed. (0x12B)
[1013/212842.039:ERROR:process_memory_win.cc(73)] ReadMemory at 0xd223dfc000 of 16384 bytes failed: Only part of a ReadProcessMemory or WriteProcessMemory request was completed. (0x12B)
[1013/212842.039:ERROR:process_memory_win.cc(73)] ReadMemory at 0xd2235fc000 of 16384 bytes failed: Only part of a ReadProcessMemory or WriteProcessMemory request was completed. (0x12B)
[1013/212842.039:ERROR:process_memory_win.cc(73)] ReadMemory at 0xd2245fe000 of 8192 bytes failed: Only part of a ReadProcessMemory or WriteProcessMemory request was completed. (0x12B)
[1013/212842.039:ERROR:process_memory_win.cc(73)] ReadMemory at 0xd224dfe000 of 8192 bytes failed: Only part of a ReadProcessMemory or WriteProcessMemory request was completed. (0x12B)
[1013/212842.039:ERROR:process_memory_win.cc(73)] ReadMemory at 0xd2255fd000 of 12288 bytes failed: Only part of a ReadProcessMemory or WriteProcessMemory request was completed. (0x12B)
[1013/212842.039:ERROR:process_memory_win.cc(73)] ReadMemory at 0xd225dfd000 of 12288 bytes failed: Only part of a ReadProcessMemory or WriteProcessMemory request was completed. (0x12B)
[1013/212842.039:ERROR:process_memory_win.cc(73)] ReadMemory at 0xd2265fd000 of 12288 bytes failed: Only part of a ReadProcessMemory or WriteProcessMemory request was completed. (0x12B)
[1013/212842.039:ERROR:process_memory_win.cc(73)] ReadMemory at 0xd2195c0000 of 852 bytes failed: Only part of a ReadProcessMemory or WriteProcessMemory request was completed. (0x12B)
[1013/212842.039:ERROR:process_memory_win.cc(73)] ReadMemory at 0xd2195c1000 of 6024 bytes failed: Only part of a ReadProcessMemory or WriteProcessMemory request was completed. (0x12B)
[1013/212842.039:ERROR:process_memory_win.cc(73)] ReadMemory at 0xd2195c3000 of 6024 bytes failed: Only part of a ReadProcessMemory or WriteProcessMemory request was completed. (0x12B)
[1013/212842.039:ERROR:process_memory_win.cc(73)] ReadMemory at 0xd2195c5000 of 6024 bytes failed: Only part of a ReadProcessMemory or WriteProcessMemory request was completed. (0x12B)
[1013/212842.039:ERROR:process_memory_win.cc(73)] ReadMemory at 0xd2195c7000 of 6024 bytes failed: Only part of a ReadProcessMemory or WriteProcessMemory request was completed. (0x12B)
[1013/212842.039:ERROR:process_memory_win.cc(73)] ReadMemory at 0xd2195c9000 of 6024 bytes failed: Only part of a ReadProcessMemory or WriteProcessMemory request was completed. (0x12B)
[1013/212842.039:ERROR:process_memory_win.cc(73)] ReadMemory at 0xd2195cb000 of 6024 bytes failed: Only part of a ReadProcessMemory or WriteProcessMemory request was completed. (0x12B)
[1013/212842.039:ERROR:process_memory_win.cc(73)] ReadMemory at 0xd2195cd000 of 6024 bytes failed: Only part of a ReadProcessMemory or WriteProcessMemory request was completed. (0x12B)
[1013/212842.039:ERROR:process_memory_win.cc(73)] ReadMemory at 0xd2195cf000 of 6024 bytes failed: Only part of a ReadProcessMemory or WriteProcessMemory request was completed. (0x12B)
[1013/212842.039:ERROR:process_memory_win.cc(73)] ReadMemory at 0xd2195d1000 of 6024 bytes failed: Only part of a ReadProcessMemory or WriteProcessMemory request was completed. (0x12B)
[1013/212842.039:ERROR:process_memory_win.cc(73)] ReadMemory at 0xd2195d3000 of 6024 bytes failed: Only part of a ReadProcessMemory or WriteProcessMemory request was completed. (0x12B)
[1013/212842.039:ERROR:process_memory_win.cc(73)] ReadMemory at 0xd2195d5000 of 6024 bytes failed: Only part of a ReadProcessMemory or WriteProcessMemory request was completed. (0x12B)
[1013/212842.039:ERROR:process_memory_win.cc(73)] ReadMemory at 0xd2195d7000 of 6024 bytes failed: Only part of a ReadProcessMemory or WriteProcessMemory request was completed. (0x12B)
[1013/212842.040:ERROR:process_memory_win.cc(73)] ReadMemory at 0xd2195d9000 of 6024 bytes failed: Only part of a ReadProcessMemory or WriteProcessMemory request was completed. (0x12B)
[1013/212842.040:ERROR:process_memory_win.cc(73)] ReadMemory at 0xd2195db000 of 6024 bytes failed: Only part of a ReadProcessMemory or WriteProcessMemory request was completed. (0x12B)
[1013/212842.040:ERROR:process_memory_win.cc(73)] ReadMemory at 0xd2195dd000 of 6024 bytes failed: Only part of a ReadProcessMemory or WriteProcessMemory request was completed. (0x12B)
[1013/212842.040:ERROR:process_memory_win.cc(73)] ReadMemory at 0xd2195df000 of 6024 bytes failed: Only part of a ReadProcessMemory or WriteProcessMemory request was completed. (0x12B)
[1013/212842.040:ERROR:process_memory_win.cc(73)] ReadMemory at 0xd2195e1000 of 6024 bytes failed: Only part of a ReadProcessMemory or WriteProcessMemory request was completed. (0x12B)
[1013/212842.040:ERROR:process_memory_win.cc(73)] ReadMemory at 0xd2195e3000 of 6024 bytes failed: Only part of a ReadProcessMemory or WriteProcessMemory request was completed. (0x12B)
[1013/212842.040:ERROR:process_memory_win.cc(73)] ReadMemory at 0xd2195e5000 of 6024 bytes failed: Only part of a ReadProcessMemory or WriteProcessMemory request was completed. (0x12B)
[1013/212842.040:ERROR:process_memory_win.cc(73)] ReadMemory at 0xd2195e7000 of 6024 bytes failed: Only part of a ReadProcessMemory or WriteProcessMemory request was completed. (0x12B)
[1013/212842.040:ERROR:process_memory_win.cc(73)] ReadMemory at 0xd2195e9000 of 6024 bytes failed: Only part of a ReadProcessMemory or WriteProcessMemory request was completed. (0x12B)
[1013/212842.040:ERROR:process_memory_win.cc(73)] ReadMemory at 0xd2195eb000 of 6024 bytes failed: Only part of a ReadProcessMemory or WriteProcessMemory request was completed. (0x12B)
[1013/212842.040:ERROR:process_memory_win.cc(73)] ReadMemory at 0xd2195ed000 of 6024 bytes failed: Only part of a ReadProcessMemory or WriteProcessMemory request was completed. (0x12B)
[1013/212842.040:ERROR:process_memory_win.cc(73)] ReadMemory at 0xd2195ef000 of 6024 bytes failed: Only part of a ReadProcessMemory or WriteProcessMemory request was completed. (0x12B)
[1013/212842.040:ERROR:process_memory_win.cc(73)] ReadMemory at 0xd2195f1000 of 6024 bytes failed: Only part of a ReadProcessMemory or WriteProcessMemory request was completed. (0x12B)
[1013/212842.040:ERROR:process_memory_win.cc(73)] ReadMemory at 0xd2195f3000 of 6024 bytes failed: Only part of a ReadProcessMemory or WriteProcessMemory request was completed. (0x12B)
[1013/212842.040:ERROR:process_memory_win.cc(73)] ReadMemory at 0x21521590fe0 of 18618 bytes failed: Only part of a ReadProcessMemory or WriteProcessMemory request was completed. (0x12B)
[1013/212842.040:ERROR:process_memory_win.cc(73)] ReadMemory at 0x215215958b0 of 1012 bytes failed: Only part of a ReadProcessMemory or WriteProcessMemory request was completed. (0x12B)
[1013/212842.040:ERROR:process_memory_win.cc(73)] ReadMemory at 0x21521595ef8 of 118 bytes failed: Only part of a ReadProcessMemory or WriteProcessMemory request was completed. (0x12B)
[1013/212842.040:ERROR:process_memory_win.cc(73)] ReadMemory at 0x21521595f70 of 714 bytes failed: Only part of a ReadProcessMemory or WriteProcessMemory request was completed. (0x12B)
[1013/212842.040:ERROR:process_memory_win.cc(73)] ReadMemory at 0x2152159623c of 118 bytes failed: Only part of a ReadProcessMemory or WriteProcessMemory request was completed. (0x12B)
[1013/212842.040:ERROR:process_memory_win.cc(73)] ReadMemory at 0x215215962b4 of 102 bytes failed: Only part of a ReadProcessMemory or WriteProcessMemory request was completed. (0x12B)
[1013/212842.040:ERROR:process_memory_win.cc(73)] ReadMemory at 0x21521596330 of 58 bytes failed: Only part of a ReadProcessMemory or WriteProcessMemory request was completed. (0x12B)
[1013/212842.040:ERROR:process_memory_win.cc(73)] ReadMemory at 0x21521596430 of 132 bytes failed: Only part of a ReadProcessMemory or WriteProcessMemory request was completed. (0x12B)
[1013/212842.041:ERROR:process_memory_win.cc(73)] ReadMemory at 0x215215965c0 of 132 bytes failed: Only part of a ReadProcessMemory or WriteProcessMemory request was completed. (0x12B)
[1013/212842.041:ERROR:process_memory_win.cc(73)] ReadMemory at 0x21521596780 of 124 bytes failed: Only part of a ReadProcessMemory or WriteProcessMemory request was completed. (0x12B)
[1013/212842.041:ERROR:process_memory_win.cc(73)] ReadMemory at 0x21521596c80 of 132 bytes failed: Only part of a ReadProcessMemory or WriteProcessMemory request was completed. (0x12B)
[1013/212842.041:ERROR:process_memory_win.cc(73)] ReadMemory at 0x21521596e10 of 64 bytes failed: Only part of a ReadProcessMemory or WriteProcessMemory request was completed. (0x12B)
[1013/212842.041:ERROR:process_memory_win.cc(73)] ReadMemory at 0x21521596fd0 of 132 bytes failed: Only part of a ReadProcessMemory or WriteProcessMemory request was completed. (0x12B)
[1013/212842.041:ERROR:process_memory_win.cc(73)] ReadMemory at 0x21521597270 of 132 bytes failed: Only part of a ReadProcessMemory or WriteProcessMemory request was completed. (0x12B)
[1013/212842.041:ERROR:process_memory_win.cc(73)] ReadMemory at 0x21521597400 of 68 bytes failed: Only part of a ReadProcessMemory or WriteProcessMemory request was completed. (0x12B)
[1013/212842.041:ERROR:process_memory_win.cc(73)] ReadMemory at 0x215215984b0 of 132 bytes failed: Only part of a ReadProcessMemory or WriteProcessMemory request was completed. (0x12B)
[1013/212842.041:ERROR:process_memory_win.cc(73)] ReadMemory at 0x21521598640 of 152 bytes failed: Only part of a ReadProcessMemory or WriteProcessMemory request was completed. (0x12B)
[1013/212842.041:ERROR:process_memory_win.cc(73)] ReadMemory at 0x2152159a790 of 62 bytes failed: Only part of a ReadProcessMemory or WriteProcessMemory request was completed. (0x12B)
[1013/212842.041:ERROR:process_memory_win.cc(73)] ReadMemory at 0x2152159a8f0 of 132 bytes failed: Only part of a ReadProcessMemory or WriteProcessMemory request was completed. (0x12B)
[1013/212842.041:ERROR:process_memory_win.cc(73)] ReadMemory at 0x2152159aa80 of 60 bytes failed: Only part of a ReadProcessMemory or WriteProcessMemory request was completed. (0x12B)
[1013/212842.041:ERROR:process_memory_win.cc(73)] ReadMemory at 0x215215aaa20 of 80 bytes failed: Only part of a ReadProcessMemory or WriteProcessMemory request was completed. (0x12B)
[1013/212842.041:ERROR:process_memory_win.cc(73)] ReadMemory at 0x215215ad430 of 132 bytes failed: Only part of a ReadProcessMemory or WriteProcessMemory request was completed. (0x12B)
[1013/212842.041:ERROR:process_memory_win.cc(73)] ReadMemory at 0x215215af580 of 132 bytes failed: Only part of a ReadProcessMemory or WriteProcessMemory request was completed. (0x12B)
[1013/212842.041:ERROR:process_memory_win.cc(73)] ReadMemory at 0x215215af8d0 of 132 bytes failed: Only part of a ReadProcessMemory or WriteProcessMemory request was completed. (0x12B)
[1013/212842.041:ERROR:process_memory_win.cc(73)] ReadMemory at 0x215215b0790 of 132 bytes failed: Only part of a ReadProcessMemory or WriteProcessMemory request was completed. (0x12B)
[1013/212842.041:ERROR:process_memory_win.cc(73)] ReadMemory at 0x215215b08c0 of 132 bytes failed: Only part of a ReadProcessMemory or WriteProcessMemory request was completed. (0x12B)
[1013/212842.041:ERROR:process_memory_win.cc(73)] ReadMemory at 0x215215b5e20 of 54 bytes failed: Only part of a ReadProcessMemory or WriteProcessMemory request was completed. (0x12B)
[1013/212842.041:ERROR:process_memory_win.cc(73)] ReadMemory at 0x215215b5fe0 of 132 bytes failed: Only part of a ReadProcessMemory or WriteProcessMemory request was completed. (0x12B)
[1013/212842.041:ERROR:process_memory_win.cc(73)] ReadMemory at 0x215215b6300 of 132 bytes failed: Only part of a ReadProcessMemory or WriteProcessMemory request was completed. (0x12B)
[1013/212842.041:ERROR:process_memory_win.cc(73)] ReadMemory at 0x215215b7820 of 132 bytes failed: Only part of a ReadProcessMemory or WriteProcessMemory request was completed. (0x12B)
[1013/212842.041:ERROR:process_memory_win.cc(73)] ReadMemory at 0x215215b7950 of 144 bytes failed: Only part of a ReadProcessMemory or WriteProcessMemory request was completed. (0x12B)
[1013/212842.041:ERROR:process_memory_win.cc(73)] ReadMemory at 0x215215b7f00 of 66 bytes failed: Only part of a ReadProcessMemory or WriteProcessMemory request was completed. (0x12B)
[1013/212842.041:ERROR:process_memory_win.cc(73)] ReadMemory at 0x215215b7f50 of 64 bytes failed: Only part of a ReadProcessMemory or WriteProcessMemory request was completed. (0x12B)
[1013/212842.041:ERROR:process_memory_win.cc(73)] ReadMemory at 0x215215b7fa0 of 64 bytes failed: Only part of a ReadProcessMemory or WriteProcessMemory request was completed. (0x12B)
[1013/212842.041:ERROR:process_memory_win.cc(73)] ReadMemory at 0x215215b7ff0 of 62 bytes failed: Only part of a ReadProcessMemory or WriteProcessMemory request was completed. (0x12B)
[1013/212842.042:ERROR:process_memory_win.cc(73)] ReadMemory at 0x215215b8040 of 64 bytes failed: Only part of a ReadProcessMemory or WriteProcessMemory request was completed. (0x12B)
[1013/212842.042:ERROR:process_memory_win.cc(73)] ReadMemory at 0x215215b8090 of 58 bytes failed: Only part of a ReadProcessMemory or WriteProcessMemory request was completed. (0x12B)
[1013/212842.042:ERROR:process_memory_win.cc(73)] ReadMemory at 0x215215b8180 of 64 bytes failed: Only part of a ReadProcessMemory or WriteProcessMemory request was completed. (0x12B)
[1013/212842.042:ERROR:process_memory_win.cc(73)] ReadMemory at 0x215215b8220 of 62 bytes failed: Only part of a ReadProcessMemory or WriteProcessMemory request was completed. (0x12B)
[1013/212842.042:ERROR:process_memory_win.cc(73)] ReadMemory at 0x215215b8270 of 60 bytes failed: Only part of a ReadProcessMemory or WriteProcessMemory request was completed. (0x12B)
[1013/212842.042:ERROR:process_memory_win.cc(73)] ReadMemory at 0x215215b82c0 of 64 bytes failed: Only part of a ReadProcessMemory or WriteProcessMemory request was completed. (0x12B)
[1013/212842.042:ERROR:process_memory_win.cc(73)] ReadMemory at 0x215215b8310 of 62 bytes failed: Only part of a ReadProcessMemory or WriteProcessMemory request was completed. (0x12B)
[1013/212842.042:ERROR:process_memory_win.cc(73)] ReadMemory at 0x215215b83b0 of 62 bytes failed: Only part of a ReadProcessMemory or WriteProcessMemory request was completed. (0x12B)
[1013/212842.042:ERROR:process_memory_win.cc(73)] ReadMemory at 0x215215b8400 of 66 bytes failed: Only part of a ReadProcessMemory or WriteProcessMemory request was completed. (0x12B)
[1013/212842.042:ERROR:process_memory_win.cc(73)] ReadMemory at 0x215215b84f0 of 62 bytes failed: Only part of a ReadProcessMemory or WriteProcessMemory request was completed. (0x12B)
[1013/212842.042:ERROR:process_memory_win.cc(73)] ReadMemory at 0x215215b8540 of 62 bytes failed: Only part of a ReadProcessMemory or WriteProcessMemory request was completed. (0x12B)
[1013/212842.042:ERROR:process_memory_win.cc(73)] ReadMemory at 0x215215b8630 of 60 bytes failed: Only part of a ReadProcessMemory or WriteProcessMemory request was completed. (0x12B)
[1013/212842.042:ERROR:process_memory_win.cc(73)] ReadMemory at 0x215215b86d0 of 62 bytes failed: Only part of a ReadProcessMemory or WriteProcessMemory request was completed. (0x12B)
[1013/212842.042:ERROR:process_memory_win.cc(73)] ReadMemory at 0x215215b8720 of 62 bytes failed: Only part of a ReadProcessMemory or WriteProcessMemory request was completed. (0x12B)
[1013/212842.042:ERROR:process_memory_win.cc(73)] ReadMemory at 0x215215b8770 of 60 bytes failed: Only part of a ReadProcessMemory or WriteProcessMemory request was completed. (0x12B)
[1013/212842.042:ERROR:process_memory_win.cc(73)] ReadMemory at 0x215215b8810 of 60 bytes failed: Only part of a ReadProcessMemory or WriteProcessMemory request was completed. (0x12B)
[1013/212842.042:ERROR:process_memory_win.cc(73)] ReadMemory at 0x215215b8860 of 64 bytes failed: Only part of a ReadProcessMemory or WriteProcessMemory request was completed. (0x12B)
[1013/212842.042:ERROR:process_memory_win.cc(73)] ReadMemory at 0x215215b8900 of 62 bytes failed: Only part of a ReadProcessMemory or WriteProcessMemory request was completed. (0x12B)
[1013/212842.042:ERROR:process_memory_win.cc(73)] ReadMemory at 0x215215b89a0 of 60 bytes failed: Only part of a ReadProcessMemory or WriteProcessMemory request was completed. (0x12B)
[1013/212842.042:ERROR:process_memory_win.cc(73)] ReadMemory at 0x215215b8a40 of 62 bytes failed: Only part of a ReadProcessMemory or WriteProcessMemory request was completed. (0x12B)
[1013/212842.042:ERROR:process_memory_win.cc(73)] ReadMemory at 0x215215b8ae0 of 64 bytes failed: Only part of a ReadProcessMemory or WriteProcessMemory request was completed. (0x12B)
[1013/212842.042:ERROR:process_memory_win.cc(73)] ReadMemory at 0x215215b8b80 of 60 bytes failed: Only part of a ReadProcessMemory or WriteProcessMemory request was completed. (0x12B)
[1013/212842.042:ERROR:process_memory_win.cc(73)] ReadMemory at 0x215215b8bd0 of 64 bytes failed: Only part of a ReadProcessMemory or WriteProcessMemory request was completed. (0x12B)
[1013/212842.042:ERROR:process_memory_win.cc(73)] ReadMemory at 0x215215bc920 of 132 bytes failed: Only part of a ReadProcessMemory or WriteProcessMemory request was completed. (0x12B)
[1013/212842.042:ERROR:process_memory_win.cc(73)] ReadMemory at 0x215215bcc80 of 132 bytes failed: Only part of a ReadProcessMemory or WriteProcessMemory request was completed. (0x12B)
[1013/212842.042:ERROR:process_memory_win.cc(73)] ReadMemory at 0x215215bcee0 of 132 bytes failed: Only part of a ReadProcessMemory or WriteProcessMemory request was completed. (0x12B)
[1013/212842.042:ERROR:process_memory_win.cc(73)] ReadMemory at 0x215215bd010 of 132 bytes failed: Only part of a ReadProcessMemory or WriteProcessMemory request was completed. (0x12B)
[1013/212842.043:ERROR:process_memory_win.cc(73)] ReadMemory at 0x215215bd140 of 132 bytes failed: Only part of a ReadProcessMemory or WriteProcessMemory request was completed. (0x12B)
[1013/212842.043:ERROR:process_memory_win.cc(73)] ReadMemory at 0x215215bd270 of 132 bytes failed: Only part of a ReadProcessMemory or WriteProcessMemory request was completed. (0x12B)
[1013/212842.043:ERROR:process_memory_win.cc(73)] ReadMemory at 0x215215bd3a0 of 132 bytes failed: Only part of a ReadProcessMemory or WriteProcessMemory request was completed. (0x12B)
[1013/212842.043:ERROR:process_memory_win.cc(73)] ReadMemory at 0x215215bd4d0 of 132 bytes failed: Only part of a ReadProcessMemory or WriteProcessMemory request was completed. (0x12B)
[1013/212842.043:ERROR:process_memory_win.cc(73)] ReadMemory at 0x215215bd730 of 132 bytes failed: Only part of a ReadProcessMemory or WriteProcessMemory request was completed. (0x12B)
[1013/212842.043:ERROR:process_memory_win.cc(73)] ReadMemory at 0x215215bd860 of 132 bytes failed: Only part of a ReadProcessMemory or WriteProcessMemory request was completed. (0x12B)
[1013/212842.043:ERROR:process_memory_win.cc(73)] ReadMemory at 0x215215bd990 of 132 bytes failed: Only part of a ReadProcessMemory or WriteProcessMemory request was completed. (0x12B)
[1013/212842.043:ERROR:process_memory_win.cc(73)] ReadMemory at 0x215215bdac0 of 132 bytes failed: Only part of a ReadProcessMemory or WriteProcessMemory request was completed. (0x12B)
[1013/212842.043:ERROR:process_memory_win.cc(73)] ReadMemory at 0x215215bdbf0 of 132 bytes failed: Only part of a ReadProcessMemory or WriteProcessMemory request was completed. (0x12B)
[1013/212842.043:ERROR:process_memory_win.cc(73)] ReadMemory at 0x215215bdd20 of 132 bytes failed: Only part of a ReadProcessMemory or WriteProcessMemory request was completed. (0x12B)
[1013/212842.043:ERROR:process_memory_win.cc(73)] ReadMemory at 0x215215bea90 of 80 bytes failed: Only part of a ReadProcessMemory or WriteProcessMemory request was completed. (0x12B)
[1013/212842.043:ERROR:process_memory_win.cc(73)] ReadMemory at 0x215215becd0 of 76 bytes failed: Only part of a ReadProcessMemory or WriteProcessMemory request was completed. (0x12B)
[1013/212842.043:ERROR:process_memory_win.cc(73)] ReadMemory at 0x215215bfc00 of 132 bytes failed: Only part of a ReadProcessMemory or WriteProcessMemory request was completed. (0x12B)
[1013/212842.043:ERROR:process_memory_win.cc(73)] ReadMemory at 0x215215bfe60 of 132 bytes failed: Only part of a ReadProcessMemory or WriteProcessMemory request was completed. (0x12B)
[1013/212842.043:ERROR:process_memory_win.cc(73)] ReadMemory at 0x215215c01f0 of 132 bytes failed: Only part of a ReadProcessMemory or WriteProcessMemory request was completed. (0x12B)
[1013/212842.043:ERROR:process_memory_win.cc(73)] ReadMemory at 0x215215c0580 of 132 bytes failed: Only part of a ReadProcessMemory or WriteProcessMemory request was completed. (0x12B)
[1013/212842.043:ERROR:process_memory_win.cc(73)] ReadMemory at 0x215215c06b0 of 132 bytes failed: Only part of a ReadProcessMemory or WriteProcessMemory request was completed. (0x12B)
[1013/212842.043:ERROR:process_memory_win.cc(73)] ReadMemory at 0x215215c0a40 of 132 bytes failed: Only part of a ReadProcessMemory or WriteProcessMemory request was completed. (0x12B)
[1013/212842.043:ERROR:process_memory_win.cc(73)] ReadMemory at 0x215215c0b70 of 132 bytes failed: Only part of a ReadProcessMemory or WriteProcessMemory request was completed. (0x12B)
[1013/212842.043:ERROR:process_memory_win.cc(73)] ReadMemory at 0x215215c0ca0 of 132 bytes failed: Only part of a ReadProcessMemory or WriteProcessMemory request was completed. (0x12B)
[1013/212842.043:ERROR:process_memory_win.cc(73)] ReadMemory at 0x215215c0f00 of 132 bytes failed: Only part of a ReadProcessMemory or WriteProcessMemory request was completed. (0x12B)
[1013/212842.043:ERROR:process_memory_win.cc(73)] ReadMemory at 0x215215c1030 of 132 bytes failed: Only part of a ReadProcessMemory or WriteProcessMemory request was completed. (0x12B)
[1013/212842.043:ERROR:process_memory_win.cc(73)] ReadMemory at 0x2152160fc20 of 512 bytes failed: Only part of a ReadProcessMemory or WriteProcessMemory request was completed. (0x12B)
[1013/212842.043:ERROR:process_memory_win.cc(73)] ReadMemory at 0x21521624580 of 512 bytes failed: Only part of a ReadProcessMemory or WriteProcessMemory request was completed. (0x12B)
[1013/212842.043:ERROR:process_memory_win.cc(73)] ReadMemory at 0x21521624b80 of 512 bytes failed: Only part of a ReadProcessMemory or WriteProcessMemory request was completed. (0x12B)
[1013/212842.043:ERROR:process_memory_win.cc(73)] ReadMemory at 0x21521625680 of 512 bytes failed: Only part of a ReadProcessMemory or WriteProcessMemory request was completed. (0x12B)
[1013/212842.043:ERROR:process_memory_win.cc(73)] ReadMemory at 0x21521627c70 of 512 bytes failed: Only part of a ReadProcessMemory or WriteProcessMemory request was completed. (0x12B)
[1013/212842.043:ERROR:process_memory_win.cc(73)] ReadMemory at 0x2152162dd80 of 512 bytes failed: Only part of a ReadProcessMemory or WriteProcessMemory request was completed. (0x12B)
[1013/212842.044:ERROR:process_memory_win.cc(73)] ReadMemory at 0x21521646c40 of 512 bytes failed: Only part of a ReadProcessMemory or WriteProcessMemory request was completed. (0x12B)
[1013/212842.044:ERROR:process_memory_win.cc(73)] ReadMemory at 0x2152164caa0 of 512 bytes failed: Only part of a ReadProcessMemory or WriteProcessMemory request was completed. (0x12B)
[1013/212842.044:ERROR:process_memory_win.cc(73)] ReadMemory at 0x215216515c0 of 712 bytes failed: Only part of a ReadProcessMemory or WriteProcessMemory request was completed. (0x12B)
[1013/212842.044:ERROR:process_memory_win.cc(73)] ReadMemory at 0x215217b9880 of 513 bytes failed: Only part of a ReadProcessMemory or WriteProcessMemory request was completed. (0x12B)
[1013/212842.044:ERROR:process_memory_win.cc(73)] ReadMemory at 0x21523050000 of 384 bytes failed: Only part of a ReadProcessMemory or WriteProcessMemory request was completed. (0x12B)
[1013/212842.044:ERROR:process_memory_win.cc(73)] ReadMemory at 0x21523061fd0 of 512 bytes failed: Only part of a ReadProcessMemory or WriteProcessMemory request was completed. (0x12B)
[1013/212842.044:ERROR:process_memory_win.cc(73)] ReadMemory at 0x215230626d0 of 512 bytes failed: Only part of a ReadProcessMemory or WriteProcessMemory request was completed. (0x12B)
[1013/212842.044:ERROR:process_memory_win.cc(73)] ReadMemory at 0x215230be070 of 512 bytes failed: Only part of a ReadProcessMemory or WriteProcessMemory request was completed. (0x12B)
[1013/212842.044:ERROR:process_memory_win.cc(73)] ReadMemory at 0x215230db003 of 512 bytes failed: Only part of a ReadProcessMemory or WriteProcessMemory request was completed. (0x12B)
[1013/212842.044:ERROR:process_memory_win.cc(73)] ReadMemory at 0x215230e1b50 of 512 bytes failed: Only part of a ReadProcessMemory or WriteProcessMemory request was completed. (0x12B)
[1013/212842.044:ERROR:process_memory_win.cc(73)] ReadMemory at 0x215230e7bf8 of 512 bytes failed: Only part of a ReadProcessMemory or WriteProcessMemory request was completed. (0x12B)
[1013/212842.044:ERROR:process_memory_win.cc(73)] ReadMemory at 0x215230e8a08 of 656 bytes failed: Only part of a ReadProcessMemory or WriteProcessMemory request was completed. (0x12B)
[1013/212842.044:ERROR:process_memory_win.cc(73)] ReadMemory at 0x215230e8cd8 of 512 bytes failed: Only part of a ReadProcessMemory or WriteProcessMemory request was completed. (0x12B)
[1013/212842.044:ERROR:process_memory_win.cc(73)] ReadMemory at 0x215230e9668 of 512 bytes failed: Only part of a ReadProcessMemory or WriteProcessMemory request was completed. (0x12B)
[1013/212842.044:ERROR:process_memory_win.cc(73)] ReadMemory at 0x215230ec656 of 720 bytes failed: Only part of a ReadProcessMemory or WriteProcessMemory request was completed. (0x12B)
[1013/212842.044:ERROR:process_memory_win.cc(73)] ReadMemory at 0x21523267360 of 512 bytes failed: Only part of a ReadProcessMemory or WriteProcessMemory request was completed. (0x12B)
[1013/212842.044:ERROR:process_memory_win.cc(73)] ReadMemory at 0x21523267d60 of 512 bytes failed: Only part of a ReadProcessMemory or WriteProcessMemory request was completed. (0x12B)
[1013/212842.044:ERROR:process_memory_win.cc(73)] ReadMemory at 0x215232a8a28 of 512 bytes failed: Only part of a ReadProcessMemory or WriteProcessMemory request was completed. (0x12B)
[1013/212842.044:ERROR:process_memory_win.cc(73)] ReadMemory at 0x215232b3680 of 512 bytes failed: Only part of a ReadProcessMemory or WriteProcessMemory request was completed. (0x12B)
[1013/212842.044:ERROR:process_memory_win.cc(73)] ReadMemory at 0x215232f94b0 of 512 bytes failed: Only part of a ReadProcessMemory or WriteProcessMemory request was completed. (0x12B)
[1013/212842.045:ERROR:process_memory_win.cc(73)] ReadMemory at 0x2152331b2b0 of 512 bytes failed: Only part of a ReadProcessMemory or WriteProcessMemory request was completed. (0x12B)
[1013/212842.045:ERROR:process_memory_win.cc(73)] ReadMemory at 0x21523335d00 of 512 bytes failed: Only part of a ReadProcessMemory or WriteProcessMemory request was completed. (0x12B)
[1013/212842.045:ERROR:process_memory_win.cc(73)] ReadMemory at 0x215236f2830 of 512 bytes failed: Only part of a ReadProcessMemory or WriteProcessMemory request was completed. (0x12B)
[1013/212842.045:ERROR:process_memory_win.cc(73)] ReadMemory at 0x215237d9690 of 512 bytes failed: Only part of a ReadProcessMemory or WriteProcessMemory request was completed. (0x12B)
[1013/212842.045:ERROR:process_memory_win.cc(73)] ReadMemory at 0x215239dd490 of 512 bytes failed: Only part of a ReadProcessMemory or WriteProcessMemory request was completed. (0x12B)
[1013/212842.045:ERROR:process_memory_win.cc(73)] ReadMemory at 0x21523a0ea00 of 512 bytes failed: Only part of a ReadProcessMemory or WriteProcessMemory request was completed. (0x12B)
[1013/212842.045:ERROR:process_memory_win.cc(73)] ReadMemory at 0x21524ae0000 of 384 bytes failed: Only part of a ReadProcessMemory or WriteProcessMemory request was completed. (0x12B)
[1013/212842.045:ERROR:process_memory_win.cc(73)] ReadMemory at 0x21524ccfac0 of 512 bytes failed: Only part of a ReadProcessMemory or WriteProcessMemory request was completed. (0x12B)
[1013/212842.045:ERROR:process_memory_win.cc(73)] ReadMemory at 0x330b00000000 of 384 bytes failed: Only part of a ReadProcessMemory or WriteProcessMemory request was completed. (0x12B)
[1013/212842.045:ERROR:process_memory_win.cc(73)] ReadMemory at 0x7ffc2cc6d903 of 512 bytes failed: Only part of a ReadProcessMemory or WriteProcessMemory request was completed. (0x12B)
[1013/212842.045:ERROR:process_memory_win.cc(73)] ReadMemory at 0x7ffc2e576c01 of 512 bytes failed: Only part of a ReadProcessMemory or WriteProcessMemory request was completed. (0x12B)
[1013/212842.045:ERROR:process_memory_win.cc(73)] ReadMemory at 0x7ffc31fc693c of 512 bytes failed: Only part of a ReadProcessMemory or WriteProcessMemory request was completed. (0x12B)
[1013/212842.045:ERROR:process_memory_win.cc(73)] ReadMemory at 0x7ffc99ee3aa9 of 512 bytes failed: Only part of a ReadProcessMemory or WriteProcessMemory request was completed. (0x12B)
[1013/212842.045:ERROR:process_memory_win.cc(73)] ReadMemory at 0x7ffc9a10d700 of 512 bytes failed: Only part of a ReadProcessMemory or WriteProcessMemory request was completed. (0x12B)
[1013/212842.045:ERROR:process_memory_win.cc(73)] ReadMemory at 0x7ffc9ab91f80 of 512 bytes failed: Only part of a ReadProcessMemory or WriteProcessMemory request was completed. (0x12B)
[1013/212842.045:ERROR:process_memory_win.cc(73)] ReadMemory at 0x7ffc9c13c074 of 672 bytes failed: Only part of a ReadProcessMemory or WriteProcessMemory request was completed. (0x12B)
[1013/212842.045:ERROR:process_memory_win.cc(73)] ReadMemory at 0x7ffc9c13c674 of 512 bytes failed: Only part of a ReadProcessMemory or WriteProcessMemory request was completed. (0x12B)
[1013/212842.045:ERROR:process_memory_win.cc(73)] ReadMemory at 0x7ffc9c13f924 of 608 bytes failed: Only part of a ReadProcessMemory or WriteProcessMemory request was completed. (0x12B)
[1013/212842.045:ERROR:process_memory_win.cc(73)] ReadMemory at 0x7ffc9c1cc428 of 18 bytes failed: Only part of a ReadProcessMemory or WriteProcessMemory request was completed. (0x12B)
[1013/212842.045:ERROR:process_memory_win.cc(73)] ReadMemory at 0x7ffc9c1ff4f8 of 40 bytes failed: Only part of a ReadProcessMemory or WriteProcessMemory request was completed. (0x12B)
[1013/212842.045:ERROR:process_memory_win.cc(73)] ReadMemory at 0x7ffc9c1ff978 of 48 bytes failed: Only part of a ReadProcessMemory or WriteProcessMemory request was completed. (0x12B)
[1013/212842.045:ERROR:process_memory_win.cc(73)] ReadMemory at 0x7ffc9c2053c0 of 64 bytes failed: Only part of a ReadProcessMemory or WriteProcessMemory request was completed. (0x12B)
[1013/212842.048:ERROR:scoped_process_suspend.cc(40)] NtResumeProcess: An attempt was made to access an exiting process. (0xc000010a)
